2019-10-03 05:55:23: And more.
2019-10-03 05:55:24: And more.
2019-10-03 05:55:24: And more.
2019-10-03 05:55:24: And more.
2019-10-03 05:55:24: And more.
2019-10-03 06:23:04: No listener connection found. Message will be attempted via sendAsBytes.
2019-10-03 06:23:11: No listener connection found. Message will be attempted via sendAsBytes.
2019-10-03 06:23:53: No listener connection found. Message will be attempted via sendAsBytes.
2019-10-03 06:23:59: Final command to send to tv: A6 01 00 00 00 05 01 44 3E 3E E7
2019-10-03 06:23:59: No listener connection found. Message will be attempted via sendAsBytes.
2019-10-03 06:24:04: Final command to send to tv: A6 01 00 00 00 05 01 44 3E 3E E7
2019-10-03 06:24:04: No listener connection found. Message will be attempted via sendAsBytes.
2019-10-03 06:24:58: Final command to send to tv: A6 01 00 00 00 05 01 44 3E 3E E7
2019-10-03 06:24:58: No listener connection found. Message will be attempted via sendAsBytes.
2019-10-03 06:30:09: Final command to send to tv: A6 01 00 00 00 05 01 44 3D 3D E7
2019-10-03 06:30:09: No listener connection found. Message will be attempted via sendAsBytes.
2019-10-03 06:30:10: Final command to send to tv: A6 01 00 00 00 05 01 44 3E 3E E7
2019-10-03 06:30:10: No listener connection found. Message will be attempted via sendAsBytes.
2019-10-03 06:30:10: Final command to send to tv: A6 01 00 00 00 05 01 44 3F 3F E7
2019-10-03 06:30:10: No listener connection found. Message will be attempted via sendAsBytes.
2019-10-03 06:30:11: Final command to send to tv: A6 01 00 00 00 05 01 44 35 35 E7
2019-10-03 06:30:11: No listener connection found. Message will be attempted via sendAsBytes.
2019-10-03 06:30:27: Final command to send to tv: A6 01 00 00 00 05 01 44 34 34 E7
2019-10-03 06:30:27: No listener connection found. Message will be attempted via sendAsBytes.
2019-10-03 06:30:27: Final command to send to tv: A6 01 00 00 00 05 01 44 33 33 E7
2019-10-03 06:30:27: No listener connection found. Message will be attempted via sendAsBytes.
2019-10-03 06:30:27: Final command to send to tv: A6 01 00 00 00 05 01 44 32 32 E7
2019-10-03 06:30:27: No listener connection found. Message will be attempted via sendAsBytes.
2019-10-03 06:30:27: Final command to send to tv: A6 01 00 00 00 05 01 44 31 31 E7
2019-10-03 06:30:27: No listener connection found. Message will be attempted via sendAsBytes.
2019-10-03 06:30:27: Final command to send to tv: A6 01 00 00 00 05 01 44 30 30 E7
2019-10-03 06:30:27: No listener connection found. Message will be attempted via sendAsBytes.
2019-10-03 06:30:27: Final command to send to tv: A6 01 00 00 00 05 01 44 2F 2F E7
2019-10-03 06:30:27: No listener connection found. Message will be attempted via sendAsBytes.
2019-10-03 06:30:27: Final command to send to tv: A6 01 00 00 00 05 01 44 2E 2E E7
2019-10-03 06:30:27: No listener connection found. Message will be attempted via sendAsBytes.
2019-10-03 06:30:27: Final command to send to tv: A6 01 00 00 00 05 01 44 2D 2D E7
2019-10-03 06:30:27: No listener connection found. Message will be attempted via sendAsBytes.
2019-10-03 06:30:27: Final command to send to tv: A6 01 00 00 00 05 01 44 2C 2C E7
2019-10-03 06:30:27: No listener connection found. Message will be attempted via sendAsBytes.
2019-10-03 06:30:27: Final command to send to tv: A6 01 00 00 00 05 01 44 2B 2B E7
2019-10-03 06:30:27: No listener connection found. Message will be attempted via sendAsBytes.
2019-10-03 06:30:27: Final command to send to tv: A6 01 00 00 00 05 01 44 2A 2A E7
2019-10-03 06:30:27: No listener connection found. Message will be attempted via sendAsBytes.
2019-10-03 06:30:27: Final command to send to tv: A6 01 00 00 00 05 01 44 29 29 E7
2019-10-03 06:30:27: No listener connection found. Message will be attempted via sendAsBytes.
2019-10-03 06:30:27: Final command to send to tv: A6 01 00 00 00 05 01 44 28 28 E7
2019-10-03 06:30:27: No listener connection found. Message will be attempted via sendAsBytes.
2019-10-03 06:30:27: Final command to send to tv: A6 01 00 00 00 05 01 44 27 27 E7
2019-10-03 06:30:27: No listener connection found. Message will be attempted via sendAsBytes.
2019-10-03 06:30:27: Final command to send to tv: A6 01 00 00 00 05 01 44 26 26 E7
2019-10-03 06:30:27: No listener connection found. Message will be attempted via sendAsBytes.
2019-10-03 06:30:27: Final command to send to tv: A6 01 00 00 00 05 01 44 25 25 E7
2019-10-03 06:30:27: No listener connection found. Message will be attempted via sendAsBytes.
2019-10-03 06:30:27: Final command to send to tv: A6 01 00 00 00 05 01 44 24 24 E7
2019-10-03 06:30:27: No listener connection found. Message will be attempted via sendAsBytes.
2019-10-03 06:30:27: Final command to send to tv: A6 01 00 00 00 05 01 44 23 23 E7
2019-10-03 06:30:27: No listener connection found. Message will be attempted via sendAsBytes.
2019-10-03 06:30:27: Final command to send to tv: A6 01 00 00 00 05 01 44 22 22 E7
2019-10-03 06:30:27: No listener connection found. Message will be attempted via sendAsBytes.
2019-10-03 06:30:27: Final command to send to tv: A6 01 00 00 00 05 01 44 21 21 E7
2019-10-03 06:30:27: No listener connection found. Message will be attempted via sendAsBytes.
2019-10-03 06:30:27: Final command to send to tv: A6 01 00 00 00 05 01 44 20 20 E7
2019-10-03 06:30:27: No listener connection found. Message will be attempted via sendAsBytes.
2019-10-03 06:30:27: Final command to send to tv: A6 01 00 00 00 05 01 44 1F 1F E7
2019-10-03 06:30:27: No listener connection found. Message will be attempted via sendAsBytes.
2019-10-03 06:30:27: Final command to send to tv: A6 01 00 00 00 05 01 44 1E 1E E7
2019-10-03 06:30:27: No listener connection found. Message will be attempted via sendAsBytes.
2019-10-03 06:30:27: Final command to send to tv: A6 01 00 00 00 05 01 44 1D 1D E7
2019-10-03 06:30:27: No listener connection found. Message will be attempted via sendAsBytes.
2019-10-03 06:30:27: Final command to send to tv: A6 01 00 00 00 05 01 44 1C 1C E7
2019-10-03 06:30:27: No listener connection found. Message will be attempted via sendAsBytes.
2019-10-03 06:30:27: Final command to send to tv: A6 01 00 00 00 05 01 44 1B 1B E7
2019-10-03 06:30:27: No listener connection found. Message will be attempted via sendAsBytes.
2019-10-03 06:30:27: Final command to send to tv: A6 01 00 00 00 05 01 44 1A 1A E7
2019-10-03 06:30:27: No listener connection found. Message will be attempted via sendAsBytes.
2019-10-03 06:30:27: Final command to send to tv: A6 01 00 00 00 05 01 44 19 19 E7
2019-10-03 06:30:27: No listener connection found. Message will be attempted via sendAsBytes.
2019-10-03 06:30:27: Final command to send to tv: A6 01 00 00 00 05 01 44 18 18 E7
2019-10-03 06:30:27: No listener connection found. Message will be attempted via sendAsBytes.
2019-10-03 06:30:27: Final command to send to tv: A6 01 00 00 00 05 01 44 17 17 E7
2019-10-03 06:30:27: No listener connection found. Message will be attempted via sendAsBytes.
2019-10-03 06:30:27: Final command to send to tv: A6 01 00 00 00 05 01 44 16 16 E7
2019-10-03 06:30:27: No listener connection found. Message will be attempted via sendAsBytes.
2019-10-03 06:30:27: Final command to send to tv: A6 01 00 00 00 05 01 44 15 15 E7
2019-10-03 06:30:27: No listener connection found. Message will be attempted via sendAsBytes.
2019-10-03 06:31:38: No listener connection found. Message will be attempted via sendAsBytes.
2019-10-03 06:32:35: No listener connection found. Message will be attempted via sendAsBytes.
2019-10-03 06:32:36: No listener connection found. Message will be attempted via sendAsBytes.
2019-10-03 06:32:36: No listener connection found. Message will be attempted via sendAsBytes.
2019-10-03 06:32:36: No listener connection found. Message will be attempted via sendAsBytes.
2019-10-03 06:32:36: No listener connection found. Message will be attempted via sendAsBytes.
2019-10-03 06:32:36: No listener connection found. Message will be attempted via sendAsBytes.
2019-10-03 06:32:37: No listener connection found. Message will be attempted via sendAsBytes.
2019-10-03 06:32:37: No listener connection found. Message will be attempted via sendAsBytes.
2019-10-03 06:32:37: No listener connection found. Message will be attempted via sendAsBytes.
2019-10-03 06:32:37: No listener connection found. Message will be attempted via sendAsBytes.
2019-10-03 06:32:37: No listener connection found. Message will be attempted via sendAsBytes.
2019-10-03 06:32:37: No listener connection found. Message will be attempted via sendAsBytes.
2019-10-03 06:32:38: No listener connection found. Message will be attempted via sendAsBytes.
2019-10-03 06:32:50: No listener connection found. Maybe try sendAsBytes?
2019-10-03 06:32:50: No listener connection found. Maybe try sendAsBytes?
2019-10-03 06:32:51: No listener connection found. Maybe try sendAsBytes?
2019-10-03 06:32:51: No listener connection found. Maybe try sendAsBytes?
2019-10-03 06:32:51: No listener connection found. Maybe try sendAsBytes?
2019-10-03 06:32:51: No listener connection found. Maybe try sendAsBytes?
2019-10-03 06:32:51: No listener connection found. Maybe try sendAsBytes?
2019-10-03 06:32:51: No listener connection found. Maybe try sendAsBytes?
2019-10-03 06:32:52: No listener connection found. Maybe try sendAsBytes?
2019-10-03 06:32:52: No listener connection found. Maybe try sendAsBytes?
2019-10-03 08:41:24: No listener connection found. Maybe try sendAsBytes?
2019-10-03 08:50:49: No listener connection found. Maybe try sendAsBytes?
2019-10-03 08:50:49: No listener connection found. Maybe try sendAsBytes?
2019-10-03 08:50:49: No listener connection found. Maybe try sendAsBytes?
2019-10-03 08:50:49: No listener connection found. Maybe try sendAsBytes?
2019-10-03 08:50:49: No listener connection found. Maybe try sendAsBytes?
2019-10-03 08:50:49: No listener connection found. Maybe try sendAsBytes?
2019-10-03 08:50:49: No listener connection found. Maybe try sendAsBytes?
2019-10-03 08:50:49: No listener connection found. Maybe try sendAsBytes?
2019-10-03 08:50:50: No listener connection found. Maybe try sendAsBytes?
2019-10-03 08:50:50: No listener connection found. Maybe try sendAsBytes?
2019-10-03 08:50:50: No listener connection found. Maybe try sendAsBytes?
2019-10-03 08:50:50: No listener connection found. Maybe try sendAsBytes?
2019-10-03 08:50:50: No listener connection found. Maybe try sendAsBytes?
2019-10-03 08:50:50: No listener connection found. Maybe try sendAsBytes?
2019-10-03 08:50:50: No listener connection found. Maybe try sendAsBytes?
2019-10-03 08:50:50: No listener connection found. Maybe try sendAsBytes?
2019-10-03 08:50:50: No listener connection found. Maybe try sendAsBytes?
2019-10-03 08:50:50: No listener connection found. Maybe try sendAsBytes?
2019-10-03 08:50:50: No listener connection found. Maybe try sendAsBytes?
2019-10-03 08:50:50: No listener connection found. Maybe try sendAsBytes?
2019-10-03 08:50:50: No listener connection found. Maybe try sendAsBytes?
2019-10-03 08:50:50: No listener connection found. Maybe try sendAsBytes?
2019-10-03 08:50:50: No listener connection found. Maybe try sendAsBytes?
2019-10-03 08:50:50: No listener connection found. Maybe try sendAsBytes?
2019-10-03 08:50:50: No listener connection found. Maybe try sendAsBytes?
2019-10-03 08:50:50: No listener connection found. Maybe try sendAsBytes?
2019-10-03 08:50:50: No listener connection found. Maybe try sendAsBytes?
2019-10-03 08:50:50: No listener connection found. Maybe try sendAsBytes?
2019-10-03 08:50:50: No listener connection found. Maybe try sendAsBytes?
2019-10-03 08:50:50: No listener connection found. Maybe try sendAsBytes?
2019-10-03 08:50:50: No listener connection found. Maybe try sendAsBytes?
2019-10-03 08:50:50: No listener connection found. Maybe try sendAsBytes?
2019-10-03 08:50:50: No listener connection found. Maybe try sendAsBytes?
2019-10-03 08:50:50: No listener connection found. Maybe try sendAsBytes?
2019-10-03 08:50:50: No listener connection found. Maybe try sendAsBytes?
2019-10-03 08:50:50: No listener connection found. Maybe try sendAsBytes?
2019-10-03 08:50:50: No listener connection found. Maybe try sendAsBytes?
2019-10-03 08:50:50: No listener connection found. Maybe try sendAsBytes?
2019-10-03 08:50:50: No listener connection found. Maybe try sendAsBytes?
2019-10-03 08:50:50: No listener connection found. Maybe try sendAsBytes?
2019-10-03 08:50:50: No listener connection found. Maybe try sendAsBytes?
2019-10-03 08:50:51: No listener connection found. Maybe try sendAsBytes?
2019-10-03 08:50:51: No listener connection found. Maybe try sendAsBytes?
2019-10-03 08:50:51: No listener connection found. Maybe try sendAsBytes?
2019-10-03 08:50:51: No listener connection found. Maybe try sendAsBytes?
2019-10-03 08:50:51: No listener connection found. Maybe try sendAsBytes?
2019-10-03 08:50:51: No listener connection found. Maybe try sendAsBytes?
2019-10-03 08:50:51: No listener connection found. Maybe try sendAsBytes?
2019-10-03 08:50:51: No listener connection found. Maybe try sendAsBytes?
2019-10-03 08:50:51: No listener connection found. Maybe try sendAsBytes?
2019-10-03 08:50:51: No listener connection found. Maybe try sendAsBytes?
2019-10-03 08:50:51: No listener connection found. Maybe try sendAsBytes?
2019-10-03 08:50:51: No listener connection found. Maybe try sendAsBytes?
2019-10-03 08:50:51: No listener connection found. Maybe try sendAsBytes?
2019-10-03 08:50:51: No listener connection found. Maybe try sendAsBytes?
2019-10-03 08:50:51: No listener connection found. Maybe try sendAsBytes?
2019-10-03 08:50:51: No listener connection found. Maybe try sendAsBytes?
2019-10-03 08:50:51: No listener connection found. Maybe try sendAsBytes?
2019-10-03 08:50:51: No listener connection found. Maybe try sendAsBytes?
2019-10-03 08:50:51: No listener connection found. Maybe try sendAsBytes?
2019-10-03 08:50:51: No listener connection found. Maybe try sendAsBytes?
2019-10-03 08:50:51: No listener connection found. Maybe try sendAsBytes?
2019-10-03 08:50:51: No listener connection found. Maybe try sendAsBytes?
2019-10-03 08:50:51: No listener connection found. Maybe try sendAsBytes?
2019-10-03 08:50:51: No listener connection found. Maybe try sendAsBytes?
2019-10-03 08:50:51: No listener connection found. Maybe try sendAsBytes?
2019-10-03 08:50:51: No listener connection found. Maybe try sendAsBytes?
2019-10-03 08:50:51: No listener connection found. Maybe try sendAsBytes?
2019-10-03 08:50:51: No listener connection found. Maybe try sendAsBytes?
2019-10-03 08:50:51: No listener connection found. Maybe try sendAsBytes?
2019-10-03 08:50:51: No listener connection found. Maybe try sendAsBytes?
2019-10-03 08:50:51: No listener connection found. Maybe try sendAsBytes?
2019-10-03 08:50:51: No listener connection found. Maybe try sendAsBytes?
2019-10-03 08:50:51: No listener connection found. Maybe try sendAsBytes?
2019-10-03 08:50:51: No listener connection found. Maybe try sendAsBytes?
2019-10-03 08:50:51: No listener connection found. Maybe try sendAsBytes?
2019-10-03 08:50:51: No listener connection found. Maybe try sendAsBytes?
2019-10-03 08:50:51: No listener connection found. Maybe try sendAsBytes?
2019-10-03 08:50:51: No listener connection found. Maybe try sendAsBytes?
2019-10-03 08:50:51: No listener connection found. Maybe try sendAsBytes?
2019-10-03 08:50:51: No listener connection found. Maybe try sendAsBytes?
2019-10-03 08:50:51: No listener connection found. Maybe try sendAsBytes?
2019-10-03 08:50:51: No listener connection found. Maybe try sendAsBytes?
2019-10-03 08:50:51: No listener connection found. Maybe try sendAsBytes?
2019-10-03 08:50:51: No listener connection found. Maybe try sendAsBytes?
2019-10-03 08:50:51: No listener connection found. Maybe try sendAsBytes?
2019-10-03 08:50:51: No listener connection found. Maybe try sendAsBytes?
2019-10-03 08:50:51: No listener connection found. Maybe try sendAsBytes?
2019-10-03 08:50:51: No listener connection found. Maybe try sendAsBytes?
2019-10-03 08:50:51: No listener connection found. Maybe try sendAsBytes?
2019-10-03 08:50:51: No listener connection found. Maybe try sendAsBytes?
2019-10-03 08:50:51: No listener connection found. Maybe try sendAsBytes?
2019-10-03 08:50:52: No listener connection found. Maybe try sendAsBytes?
2019-10-03 08:50:52: No listener connection found. Maybe try sendAsBytes?
2019-10-03 08:50:52: No listener connection found. Maybe try sendAsBytes?
2019-10-03 08:50:52: No listener connection found. Maybe try sendAsBytes?
2019-10-03 08:50:52: No listener connection found. Maybe try sendAsBytes?
2019-10-03 08:50:52: No listener connection found. Maybe try sendAsBytes?
2019-10-03 08:50:52: No listener connection found. Maybe try sendAsBytes?
2019-10-03 08:50:52: No listener connection found. Maybe try sendAsBytes?
2019-10-03 08:50:52: No listener connection found. Maybe try sendAsBytes?
2019-10-03 08:50:52: No listener connection found. Maybe try sendAsBytes?
2019-10-03 08:50:52: No listener connection found. Maybe try sendAsBytes?
2019-10-03 08:50:52: No listener connection found. Maybe try sendAsBytes?
2019-10-03 08:50:52: No listener connection found. Maybe try sendAsBytes?
2019-10-03 08:50:52: No listener connection found. Maybe try sendAsBytes?
2019-10-03 08:50:52: No listener connection found. Maybe try sendAsBytes?
2019-10-03 08:50:52: No listener connection found. Maybe try sendAsBytes?
2019-10-03 08:50:52: No listener connection found. Maybe try sendAsBytes?
2019-10-03 08:50:52: No listener connection found. Maybe try sendAsBytes?
2019-10-03 08:50:52: No listener connection found. Maybe try sendAsBytes?
2019-10-03 08:50:52: No listener connection found. Maybe try sendAsBytes?
2019-10-03 08:50:52: No listener connection found. Maybe try sendAsBytes?
2019-10-03 08:50:52: No listener connection found. Maybe try sendAsBytes?
2019-10-03 08:50:52: No listener connection found. Maybe try sendAsBytes?
2019-10-03 08:50:52: No listener connection found. Maybe try sendAsBytes?
2019-10-03 08:50:52: No listener connection found. Maybe try sendAsBytes?
2019-10-03 08:50:52: No listener connection found. Maybe try sendAsBytes?
2019-10-03 08:50:52: No listener connection found. Maybe try sendAsBytes?
2019-10-03 08:50:52: No listener connection found. Maybe try sendAsBytes?
2019-10-03 08:50:52: No listener connection found. Maybe try sendAsBytes?
2019-10-03 08:50:52: No listener connection found. Maybe try sendAsBytes?
2019-10-03 08:50:52: No listener connection found. Maybe try sendAsBytes?
2019-10-03 08:50:52: No listener connection found. Maybe try sendAsBytes?
2019-10-03 08:50:52: No listener connection found. Maybe try sendAsBytes?
2019-10-03 08:50:52: No listener connection found. Maybe try sendAsBytes?
2019-10-03 08:50:52: No listener connection found. Maybe try sendAsBytes?
2019-10-03 08:50:52: No listener connection found. Maybe try sendAsBytes?
2019-10-03 08:50:52: No listener connection found. Maybe try sendAsBytes?
2019-10-03 08:50:52: No listener connection found. Maybe try sendAsBytes?
2019-10-03 08:50:52: No listener connection found. Maybe try sendAsBytes?
2019-10-03 08:50:52: No listener connection found. Maybe try sendAsBytes?
2019-10-03 08:50:52: No listener connection found. Maybe try sendAsBytes?
2019-10-03 08:50:52: No listener connection found. Maybe try sendAsBytes?
2019-10-03 08:50:52: No listener connection found. Maybe try sendAsBytes?
2019-10-03 08:50:52: No listener connection found. Maybe try sendAsBytes?
2019-10-03 08:50:52: No listener connection found. Maybe try sendAsBytes?
2019-10-03 08:50:52: No listener connection found. Maybe try sendAsBytes?
2019-10-03 08:50:52: No listener connection found. Maybe try sendAsBytes?
2019-10-03 08:50:53: No listener connection found. Maybe try sendAsBytes?
2019-10-03 08:50:53: No listener connection found. Maybe try sendAsBytes?
2019-10-03 08:50:53: No listener connection found. Maybe try sendAsBytes?
2019-10-03 08:50:53: No listener connection found. Maybe try sendAsBytes?
2019-10-03 08:50:53: No listener connection found. Maybe try sendAsBytes?
2019-10-03 08:50:53: No listener connection found. Maybe try sendAsBytes?
2019-10-03 08:50:53: No listener connection found. Maybe try sendAsBytes?
2019-10-03 08:50:53: No listener connection found. Maybe try sendAsBytes?
2019-10-03 08:50:53: No listener connection found. Maybe try sendAsBytes?
2019-10-03 08:50:53: No listener connection found. Maybe try sendAsBytes?
2019-10-03 08:50:53: No listener connection found. Maybe try sendAsBytes?
2019-10-03 08:50:53: No listener connection found. Maybe try sendAsBytes?
2019-10-03 08:50:53: No listener connection found. Maybe try sendAsBytes?
2019-10-03 08:50:53: No listener connection found. Maybe try sendAsBytes?
2019-10-03 08:50:53: No listener connection found. Maybe try sendAsBytes?
2019-10-03 08:50:53: No listener connection found. Maybe try sendAsBytes?
2019-10-03 08:50:53: No listener connection found. Maybe try sendAsBytes?
2019-10-03 08:50:53: No listener connection found. Maybe try sendAsBytes?
2019-10-03 08:50:53: No listener connection found. Maybe try sendAsBytes?
2019-10-03 08:50:53: No listener connection found. Maybe try sendAsBytes?
2019-10-03 08:50:53: No listener connection found. Maybe try sendAsBytes?
2019-10-03 08:50:53: No listener connection found. Maybe try sendAsBytes?
2019-10-03 08:50:53: No listener connection found. Maybe try sendAsBytes?
2019-10-03 08:50:54: No listener connection found. Maybe try sendAsBytes?
2019-10-03 08:50:54: No listener connection found. Maybe try sendAsBytes?
2019-10-03 08:50:54: No listener connection found. Maybe try sendAsBytes?
2019-10-03 08:50:54: No listener connection found. Maybe try sendAsBytes?
2019-10-03 08:50:54: No listener connection found. Maybe try sendAsBytes?
2019-10-03 08:50:54: No listener connection found. Maybe try sendAsBytes?
2019-10-03 08:50:54: No listener connection found. Maybe try sendAsBytes?
2019-10-03 08:50:54: No listener connection found. Maybe try sendAsBytes?
2019-10-03 08:50:54: No listener connection found. Maybe try sendAsBytes?
2019-10-03 08:50:54: No listener connection found. Maybe try sendAsBytes?
2019-10-03 08:50:54: No listener connection found. Maybe try sendAsBytes?
2019-10-03 08:50:54: No listener connection found. Maybe try sendAsBytes?
2019-10-03 08:50:54: No listener connection found. Maybe try sendAsBytes?
2019-10-03 08:50:54: No listener connection found. Maybe try sendAsBytes?
2019-10-03 08:50:54: No listener connection found. Maybe try sendAsBytes?
2019-10-03 08:50:54: No listener connection found. Maybe try sendAsBytes?
2019-10-03 08:50:54: No listener connection found. Maybe try sendAsBytes?
2019-10-03 08:50:55: No listener connection found. Maybe try sendAsBytes?
2019-10-03 08:50:55: No listener connection found. Maybe try sendAsBytes?
2019-10-03 08:50:55: No listener connection found. Maybe try sendAsBytes?
2019-10-03 08:50:55: No listener connection found. Maybe try sendAsBytes?
2019-10-03 08:50:55: No listener connection found. Maybe try sendAsBytes?
2019-10-03 08:50:55: No listener connection found. Maybe try sendAsBytes?
2019-10-03 08:50:55: No listener connection found. Maybe try sendAsBytes?
2019-10-03 08:50:55: No listener connection found. Maybe try sendAsBytes?
2019-10-03 08:50:55: No listener connection found. Maybe try sendAsBytes?
2019-10-03 08:50:55: No listener connection found. Maybe try sendAsBytes?
2019-10-03 08:50:55: No listener connection found. Maybe try sendAsBytes?
2019-10-03 08:50:55: No listener connection found. Maybe try sendAsBytes?
2019-10-03 08:50:55: No listener connection found. Maybe try sendAsBytes?
2019-10-03 08:50:55: No listener connection found. Maybe try sendAsBytes?
2019-10-03 08:50:55: No listener connection found. Maybe try sendAsBytes?
2019-10-03 08:50:55: No listener connection found. Maybe try sendAsBytes?
2019-10-03 08:50:55: No listener connection found. Maybe try sendAsBytes?
2019-10-03 08:50:55: No listener connection found. Maybe try sendAsBytes?
2019-10-03 08:50:55: No listener connection found. Maybe try sendAsBytes?
2019-10-03 08:50:55: No listener connection found. Maybe try sendAsBytes?
2019-10-03 08:50:55: No listener connection found. Maybe try sendAsBytes?
2019-10-03 08:50:55: No listener connection found. Maybe try sendAsBytes?
2019-10-03 08:50:55: No listener connection found. Maybe try sendAsBytes?
2019-10-03 08:50:55: No listener connection found. Maybe try sendAsBytes?
2019-10-03 08:50:55: No listener connection found. Maybe try sendAsBytes?
2019-10-03 08:50:55: No listener connection found. Maybe try sendAsBytes?
2019-10-03 08:50:56: No listener connection found. Maybe try sendAsBytes?
2019-10-03 08:50:56: No listener connection found. Maybe try sendAsBytes?
2019-10-03 08:50:56: No listener connection found. Maybe try sendAsBytes?
2019-10-03 08:50:56: No listener connection found. Maybe try sendAsBytes?
2019-10-03 08:50:56: No listener connection found. Maybe try sendAsBytes?
2019-10-03 08:50:56: No listener connection found. Maybe try sendAsBytes?
2019-10-03 08:50:56: No listener connection found. Maybe try sendAsBytes?
2019-10-03 08:50:57: No listener connection found. Maybe try sendAsBytes?
2019-10-03 08:50:57: No listener connection found. Maybe try sendAsBytes?
2019-10-03 08:50:57: No listener connection found. Maybe try sendAsBytes?
2019-10-03 08:50:57: No listener connection found. Maybe try sendAsBytes?
2019-10-03 08:50:57: No listener connection found. Maybe try sendAsBytes?
2019-10-03 08:50:59: No listener connection found. Maybe try sendAsBytes?
2019-10-03 08:50:59: No listener connection found. Maybe try sendAsBytes?
2019-10-03 08:50:59: No listener connection found. Maybe try sendAsBytes?
2019-10-03 08:50:59: No listener connection found. Maybe try sendAsBytes?
2019-10-03 08:50:59: No listener connection found. Maybe try sendAsBytes?
2019-10-03 08:50:59: No listener connection found. Maybe try sendAsBytes?
2019-10-03 08:50:59: No listener connection found. Maybe try sendAsBytes?
2019-10-03 08:50:59: No listener connection found. Maybe try sendAsBytes?
2019-10-03 08:50:59: No listener connection found. Maybe try sendAsBytes?
2019-10-03 08:50:59: No listener connection found. Maybe try sendAsBytes?
2019-10-03 08:50:59: No listener connection found. Maybe try sendAsBytes?
2019-10-03 08:50:59: No listener connection found. Maybe try sendAsBytes?
2019-10-03 08:50:59: No listener connection found. Maybe try sendAsBytes?
2019-10-03 08:50:59: No listener connection found. Maybe try sendAsBytes?
2019-10-03 08:50:59: No listener connection found. Maybe try sendAsBytes?
2019-10-03 08:50:59: No listener connection found. Maybe try sendAsBytes?
2019-10-03 08:50:59: No listener connection found. Maybe try sendAsBytes?
2019-10-03 08:50:59: No listener connection found. Maybe try sendAsBytes?
2019-10-03 08:50:59: No listener connection found. Maybe try sendAsBytes?
2019-10-03 08:50:59: No listener connection found. Maybe try sendAsBytes?
2019-10-03 08:50:59: No listener connection found. Maybe try sendAsBytes?
2019-10-03 08:50:59: No listener connection found. Maybe try sendAsBytes?
2019-10-03 08:50:59: No listener connection found. Maybe try sendAsBytes?
2019-10-03 08:51:00: No listener connection found. Maybe try sendAsBytes?
2019-10-03 08:51:00: No listener connection found. Maybe try sendAsBytes?
2019-10-03 08:51:00: No listener connection found. Maybe try sendAsBytes?
2019-10-03 08:51:00: No listener connection found. Maybe try sendAsBytes?
2019-10-03 08:51:00: No listener connection found. Maybe try sendAsBytes?
2019-10-03 08:51:00: No listener connection found. Maybe try sendAsBytes?
2019-10-03 08:51:00: No listener connection found. Maybe try sendAsBytes?
2019-10-03 08:51:00: No listener connection found. Maybe try sendAsBytes?
2019-10-03 08:51:00: No listener connection found. Maybe try sendAsBytes?
2019-10-03 08:51:00: No listener connection found. Maybe try sendAsBytes?
2019-10-03 08:51:00: No listener connection found. Maybe try sendAsBytes?
2019-10-03 08:51:00: No listener connection found. Maybe try sendAsBytes?
2019-10-03 08:51:00: No listener connection found. Maybe try sendAsBytes?
2019-10-03 08:51:00: No listener connection found. Maybe try sendAsBytes?
2019-10-03 08:51:00: No listener connection found. Maybe try sendAsBytes?
2019-10-03 08:51:00: No listener connection found. Maybe try sendAsBytes?
2019-10-03 08:51:00: No listener connection found. Maybe try sendAsBytes?
2019-10-03 08:51:00: No listener connection found. Maybe try sendAsBytes?
2019-10-03 08:51:00: No listener connection found. Maybe try sendAsBytes?
2019-10-03 08:51:00: No listener connection found. Maybe try sendAsBytes?
2019-10-03 08:51:00: No listener connection found. Maybe try sendAsBytes?
2019-10-03 08:51:00: No listener connection found. Maybe try sendAsBytes?
2019-10-03 08:51:01: No listener connection found. Maybe try sendAsBytes?
2019-10-03 08:51:01: No listener connection found. Maybe try sendAsBytes?
2019-10-03 08:51:01: No listener connection found. Maybe try sendAsBytes?
2019-10-03 08:51:01: No listener connection found. Maybe try sendAsBytes?
2019-10-03 08:51:01: No listener connection found. Maybe try sendAsBytes?
2019-10-03 08:51:01: No listener connection found. Maybe try sendAsBytes?
2019-10-03 08:51:01: No listener connection found. Maybe try sendAsBytes?
2019-10-03 08:51:01: No listener connection found. Maybe try sendAsBytes?
2019-10-03 08:51:01: No listener connection found. Maybe try sendAsBytes?
2019-10-03 08:51:01: No listener connection found. Maybe try sendAsBytes?
2019-10-03 08:51:01: No listener connection found. Maybe try sendAsBytes?
2019-10-03 08:51:01: No listener connection found. Maybe try sendAsBytes?
2019-10-03 08:51:01: No listener connection found. Maybe try sendAsBytes?
2019-10-03 08:51:01: No listener connection found. Maybe try sendAsBytes?
2019-10-03 08:51:01: No listener connection found. Maybe try sendAsBytes?
2019-10-03 08:51:01: No listener connection found. Maybe try sendAsBytes?
2019-10-03 08:51:01: No listener connection found. Maybe try sendAsBytes?
2019-10-03 08:51:01: No listener connection found. Maybe try sendAsBytes?
2019-10-03 08:51:01: No listener connection found. Maybe try sendAsBytes?
2019-10-03 08:51:01: No listener connection found. Maybe try sendAsBytes?
2019-10-03 08:51:01: No listener connection found. Maybe try sendAsBytes?
2019-10-03 08:51:01: No listener connection found. Maybe try sendAsBytes?
2019-10-03 08:51:01: No listener connection found. Maybe try sendAsBytes?
2019-10-03 08:51:01: No listener connection found. Maybe try sendAsBytes?
2019-10-03 08:51:01: No listener connection found. Maybe try sendAsBytes?
2019-10-03 08:51:01: No listener connection found. Maybe try sendAsBytes?
2019-10-03 08:51:01: No listener connection found. Maybe try sendAsBytes?
2019-10-03 08:51:01: No listener connection found. Maybe try sendAsBytes?
2019-10-03 08:51:01: No listener connection found. Maybe try sendAsBytes?
2019-10-03 08:51:01: No listener connection found. Maybe try sendAsBytes?
2019-10-03 08:51:01: No listener connection found. Maybe try sendAsBytes?
2019-10-03 08:51:01: No listener connection found. Maybe try sendAsBytes?
2019-10-03 08:51:01: No listener connection found. Maybe try sendAsBytes?
2019-10-03 08:51:01: No listener connection found. Maybe try sendAsBytes?
2019-10-03 08:51:01: No listener connection found. Maybe try sendAsBytes?
2019-10-03 08:51:01: No listener connection found. Maybe try sendAsBytes?
2019-10-03 08:51:01: No listener connection found. Maybe try sendAsBytes?
2019-10-03 08:51:01: No listener connection found. Maybe try sendAsBytes?
2019-10-03 08:51:01: No listener connection found. Maybe try sendAsBytes?
2019-10-03 08:51:01: No listener connection found. Maybe try sendAsBytes?
2019-10-03 08:51:01: No listener connection found. Maybe try sendAsBytes?
2019-10-03 08:51:01: No listener connection found. Maybe try sendAsBytes?
2019-10-03 08:51:01: No listener connection found. Maybe try sendAsBytes?
2019-10-03 08:51:01: No listener connection found. Maybe try sendAsBytes?
2019-10-03 08:51:01: No listener connection found. Maybe try sendAsBytes?
2019-10-03 08:51:02: No listener connection found. Maybe try sendAsBytes?
2019-10-03 08:51:02: No listener connection found. Maybe try sendAsBytes?
2019-10-03 08:51:02: No listener connection found. Maybe try sendAsBytes?
2019-10-03 08:51:02: No listener connection found. Maybe try sendAsBytes?
2019-10-03 08:51:02: No listener connection found. Maybe try sendAsBytes?
2019-10-03 08:51:02: No listener connection found. Maybe try sendAsBytes?
2019-10-03 08:51:02: No listener connection found. Maybe try sendAsBytes?
2019-10-03 08:51:02: No listener connection found. Maybe try sendAsBytes?
2019-10-03 08:51:02: No listener connection found. Maybe try sendAsBytes?
2019-10-03 08:51:02: No listener connection found. Maybe try sendAsBytes?
2019-10-03 08:51:02: No listener connection found. Maybe try sendAsBytes?
2019-10-03 08:51:02: No listener connection found. Maybe try sendAsBytes?
2019-10-03 08:51:02: No listener connection found. Maybe try sendAsBytes?
2019-10-03 08:51:02: No listener connection found. Maybe try sendAsBytes?
2019-10-03 08:51:02: No listener connection found. Maybe try sendAsBytes?
2019-10-03 08:51:02: No listener connection found. Maybe try sendAsBytes?
2019-10-03 08:51:02: No listener connection found. Maybe try sendAsBytes?
2019-10-03 08:51:02: No listener connection found. Maybe try sendAsBytes?
2019-10-03 08:51:02: No listener connection found. Maybe try sendAsBytes?
2019-10-03 08:51:02: No listener connection found. Maybe try sendAsBytes?
2019-10-03 08:51:02: No listener connection found. Maybe try sendAsBytes?
2019-10-03 08:51:02: No listener connection found. Maybe try sendAsBytes?
2019-10-03 08:51:03: No listener connection found. Maybe try sendAsBytes?
2019-10-03 08:51:03: No listener connection found. Maybe try sendAsBytes?
2019-10-03 08:51:03: No listener connection found. Maybe try sendAsBytes?
2019-10-03 08:51:03: No listener connection found. Maybe try sendAsBytes?
2019-10-03 08:51:03: No listener connection found. Maybe try sendAsBytes?
2019-10-03 08:51:03: No listener connection found. Maybe try sendAsBytes?
2019-10-03 08:51:03: No listener connection found. Maybe try sendAsBytes?
2019-10-03 08:51:03: No listener connection found. Maybe try sendAsBytes?
2019-10-03 08:51:03: No listener connection found. Maybe try sendAsBytes?
2019-10-03 08:51:03: No listener connection found. Maybe try sendAsBytes?
2019-10-03 08:51:03: No listener connection found. Maybe try sendAsBytes?
2019-10-03 08:51:03: No listener connection found. Maybe try sendAsBytes?
2019-10-03 08:51:03: No listener connection found. Maybe try sendAsBytes?
2019-10-03 08:51:03: No listener connection found. Maybe try sendAsBytes?
2019-10-03 08:51:03: No listener connection found. Maybe try sendAsBytes?
2019-10-03 08:51:03: No listener connection found. Maybe try sendAsBytes?
2019-10-03 08:51:03: No listener connection found. Maybe try sendAsBytes?
2019-10-03 08:51:03: No listener connection found. Maybe try sendAsBytes?
2019-10-03 08:51:03: No listener connection found. Maybe try sendAsBytes?
2019-10-03 08:51:03: No listener connection found. Maybe try sendAsBytes?
2019-10-03 08:51:03: No listener connection found. Maybe try sendAsBytes?
2019-10-03 08:51:03: No listener connection found. Maybe try sendAsBytes?
2019-10-03 08:51:03: No listener connection found. Maybe try sendAsBytes?
2019-10-03 08:51:03: No listener connection found. Maybe try sendAsBytes?
2019-10-03 08:51:03: No listener connection found. Maybe try sendAsBytes?
2019-10-03 08:51:03: No listener connection found. Maybe try sendAsBytes?
2019-10-03 08:51:03: No listener connection found. Maybe try sendAsBytes?
2019-10-03 08:51:03: No listener connection found. Maybe try sendAsBytes?
2019-10-03 08:51:03: No listener connection found. Maybe try sendAsBytes?
2019-10-03 08:51:03: No listener connection found. Maybe try sendAsBytes?
2019-10-03 08:51:03: No listener connection found. Maybe try sendAsBytes?
2019-10-03 08:51:03: No listener connection found. Maybe try sendAsBytes?
2019-10-03 08:51:03: No listener connection found. Maybe try sendAsBytes?
2019-10-03 08:51:03: No listener connection found. Maybe try sendAsBytes?
2019-10-03 08:51:03: No listener connection found. Maybe try sendAsBytes?
2019-10-03 08:51:03: No listener connection found. Maybe try sendAsBytes?
2019-10-03 08:51:03: No listener connection found. Maybe try sendAsBytes?
2019-10-03 08:51:03: No listener connection found. Maybe try sendAsBytes?
2019-10-03 08:51:03: No listener connection found. Maybe try sendAsBytes?
2019-10-03 08:51:03: No listener connection found. Maybe try sendAsBytes?
2019-10-03 08:51:03: No listener connection found. Maybe try sendAsBytes?
2019-10-03 08:51:03: No listener connection found. Maybe try sendAsBytes?
2019-10-03 08:51:03: No listener connection found. Maybe try sendAsBytes?
2019-10-03 08:51:03: No listener connection found. Maybe try sendAsBytes?
2019-10-03 08:51:03: No listener connection found. Maybe try sendAsBytes?
2019-10-03 08:51:03: No listener connection found. Maybe try sendAsBytes?
2019-10-03 08:51:03: No listener connection found. Maybe try sendAsBytes?
2019-10-03 08:51:03: No listener connection found. Maybe try sendAsBytes?
2019-10-03 08:51:03: No listener connection found. Maybe try sendAsBytes?
2019-10-03 08:51:03: No listener connection found. Maybe try sendAsBytes?
2019-10-03 08:51:03: No listener connection found. Maybe try sendAsBytes?
2019-10-03 08:51:03: No listener connection found. Maybe try sendAsBytes?
2019-10-03 08:51:03: No listener connection found. Maybe try sendAsBytes?
2019-10-03 08:51:03: No listener connection found. Maybe try sendAsBytes?
2019-10-03 08:51:03: No listener connection found. Maybe try sendAsBytes?
2019-10-03 08:51:03: No listener connection found. Maybe try sendAsBytes?
2019-10-03 08:51:03: No listener connection found. Maybe try sendAsBytes?
2019-10-03 08:51:03: No listener connection found. Maybe try sendAsBytes?
2019-10-03 08:51:03: No listener connection found. Maybe try sendAsBytes?
2019-10-03 08:51:03: No listener connection found. Maybe try sendAsBytes?
2019-10-03 08:51:03: No listener connection found. Maybe try sendAsBytes?
2019-10-03 08:51:03: No listener connection found. Maybe try sendAsBytes?
2019-10-03 08:51:03: No listener connection found. Maybe try sendAsBytes?
2019-10-03 08:51:03: No listener connection found. Maybe try sendAsBytes?
2019-10-03 08:51:03: No listener connection found. Maybe try sendAsBytes?
2019-10-03 08:51:03: No listener connection found. Maybe try sendAsBytes?
2019-10-03 08:51:03: No listener connection found. Maybe try sendAsBytes?
2019-10-03 08:51:03: No listener connection found. Maybe try sendAsBytes?
2019-10-03 08:51:03: No listener connection found. Maybe try sendAsBytes?
2019-10-03 08:51:03: No listener connection found. Maybe try sendAsBytes?
2019-10-03 08:51:03: No listener connection found. Maybe try sendAsBytes?
2019-10-03 08:51:03: No listener connection found. Maybe try sendAsBytes?
2019-10-03 08:51:04: No listener connection found. Maybe try sendAsBytes?
2019-10-03 08:51:04: No listener connection found. Maybe try sendAsBytes?
2019-10-03 08:51:04: No listener connection found. Maybe try sendAsBytes?
2019-10-03 08:51:04: No listener connection found. Maybe try sendAsBytes?
2019-10-03 08:51:04: No listener connection found. Maybe try sendAsBytes?
2019-10-03 08:51:04: No listener connection found. Maybe try sendAsBytes?
2019-10-03 08:51:06: No listener connection found. Maybe try sendAsBytes?
2019-10-03 08:51:06: No listener connection found. Maybe try sendAsBytes?
2019-10-03 08:51:06: No listener connection found. Maybe try sendAsBytes?
2019-10-03 08:51:06: No listener connection found. Maybe try sendAsBytes?
2019-10-03 08:51:06: No listener connection found. Maybe try sendAsBytes?
2019-10-03 08:51:06: No listener connection found. Maybe try sendAsBytes?
2019-10-03 08:51:06: No listener connection found. Maybe try sendAsBytes?
2019-10-03 08:51:06: No listener connection found. Maybe try sendAsBytes?
2019-10-03 08:51:06: No listener connection found. Maybe try sendAsBytes?
2019-10-03 08:51:06: No listener connection found. Maybe try sendAsBytes?
2019-10-03 08:51:06: No listener connection found. Maybe try sendAsBytes?
2019-10-03 08:51:06: No listener connection found. Maybe try sendAsBytes?
2019-10-03 08:51:06: No listener connection found. Maybe try sendAsBytes?
2019-10-03 08:51:06: No listener connection found. Maybe try sendAsBytes?
2019-10-03 08:51:06: No listener connection found. Maybe try sendAsBytes?
2019-10-03 08:51:06: No listener connection found. Maybe try sendAsBytes?
2019-10-03 08:51:06: No listener connection found. Maybe try sendAsBytes?
2019-10-03 08:51:06: No listener connection found. Maybe try sendAsBytes?
2019-10-03 08:51:06: No listener connection found. Maybe try sendAsBytes?
2019-10-03 08:51:06: No listener connection found. Maybe try sendAsBytes?
2019-10-03 08:51:06: No listener connection found. Maybe try sendAsBytes?
2019-10-03 08:51:06: No listener connection found. Maybe try sendAsBytes?
2019-10-03 08:51:06: No listener connection found. Maybe try sendAsBytes?
2019-10-03 08:51:06: No listener connection found. Maybe try sendAsBytes?
2019-10-03 08:51:06: No listener connection found. Maybe try sendAsBytes?
2019-10-03 08:51:06: No listener connection found. Maybe try sendAsBytes?
2019-10-03 08:51:06: No listener connection found. Maybe try sendAsBytes?
2019-10-03 08:51:06: No listener connection found. Maybe try sendAsBytes?
2019-10-03 08:51:06: No listener connection found. Maybe try sendAsBytes?
2019-10-03 08:51:06: No listener connection found. Maybe try sendAsBytes?
2019-10-03 08:51:06: No listener connection found. Maybe try sendAsBytes?
2019-10-03 08:51:06: No listener connection found. Maybe try sendAsBytes?
2019-10-03 08:51:06: No listener connection found. Maybe try sendAsBytes?
2019-10-03 08:51:06: No listener connection found. Maybe try sendAsBytes?
2019-10-03 08:51:06: No listener connection found. Maybe try sendAsBytes?
2019-10-03 08:51:06: No listener connection found. Maybe try sendAsBytes?
2019-10-03 08:51:06: No listener connection found. Maybe try sendAsBytes?
2019-10-03 08:51:07: No listener connection found. Maybe try sendAsBytes?
2019-10-03 08:51:07: No listener connection found. Maybe try sendAsBytes?
2019-10-03 08:51:07: No listener connection found. Maybe try sendAsBytes?
2019-10-03 08:51:07: No listener connection found. Maybe try sendAsBytes?
2019-10-03 08:51:07: No listener connection found. Maybe try sendAsBytes?
2019-10-03 09:07:52: No listener connection found. Maybe try sendAsBytes?
2019-10-03 09:07:52: No listener connection found. Maybe try sendAsBytes?
2019-10-03 09:07:52: No listener connection found. Maybe try sendAsBytes?
2019-10-03 09:07:52: No listener connection found. Maybe try sendAsBytes?
2019-10-03 09:07:52: No listener connection found. Maybe try sendAsBytes?
2019-10-03 09:07:52: No listener connection found. Maybe try sendAsBytes?
2019-10-03 09:07:52: No listener connection found. Maybe try sendAsBytes?
2019-10-03 09:07:52: No listener connection found. Maybe try sendAsBytes?
2019-10-03 09:07:52: No listener connection found. Maybe try sendAsBytes?
2019-10-03 09:07:52: No listener connection found. Maybe try sendAsBytes?
2019-10-03 09:07:52: No listener connection found. Maybe try sendAsBytes?
2019-10-03 09:07:52: No listener connection found. Maybe try sendAsBytes?
2019-10-03 09:07:52: No listener connection found. Maybe try sendAsBytes?
2019-10-03 09:07:52: No listener connection found. Maybe try sendAsBytes?
2019-10-03 09:07:52: No listener connection found. Maybe try sendAsBytes?
2019-10-03 09:07:52: No listener connection found. Maybe try sendAsBytes?
2019-10-03 09:07:52: No listener connection found. Maybe try sendAsBytes?
2019-10-03 09:07:52: No listener connection found. Maybe try sendAsBytes?
2019-10-03 09:07:52: No listener connection found. Maybe try sendAsBytes?
2019-10-03 09:07:53: No listener connection found. Maybe try sendAsBytes?
2019-10-03 09:07:53: No listener connection found. Maybe try sendAsBytes?
2019-10-03 09:07:53: No listener connection found. Maybe try sendAsBytes?
2019-10-03 09:07:53: No listener connection found. Maybe try sendAsBytes?
2019-10-03 09:07:53: No listener connection found. Maybe try sendAsBytes?
2019-10-03 09:07:53: No listener connection found. Maybe try sendAsBytes?
2019-10-03 09:07:53: No listener connection found. Maybe try sendAsBytes?
2019-10-03 09:07:53: No listener connection found. Maybe try sendAsBytes?
2019-10-03 09:07:53: No listener connection found. Maybe try sendAsBytes?
2019-10-03 09:07:54: No listener connection found. Maybe try sendAsBytes?
2019-10-03 09:07:54: No listener connection found. Maybe try sendAsBytes?
2019-10-03 09:07:54: No listener connection found. Maybe try sendAsBytes?
2019-10-03 09:07:54: No listener connection found. Maybe try sendAsBytes?
2019-10-03 09:07:54: No listener connection found. Maybe try sendAsBytes?
2019-10-03 09:07:54: No listener connection found. Maybe try sendAsBytes?
2019-10-03 09:07:54: No listener connection found. Maybe try sendAsBytes?
2019-10-03 09:07:54: No listener connection found. Maybe try sendAsBytes?
2019-10-03 09:07:54: No listener connection found. Maybe try sendAsBytes?
2019-10-03 09:07:54: No listener connection found. Maybe try sendAsBytes?
2019-10-03 09:07:54: No listener connection found. Maybe try sendAsBytes?
2019-10-03 09:07:54: No listener connection found. Maybe try sendAsBytes?
2019-10-03 09:07:54: No listener connection found. Maybe try sendAsBytes?
2019-10-03 09:07:54: No listener connection found. Maybe try sendAsBytes?
2019-10-03 09:07:54: No listener connection found. Maybe try sendAsBytes?
2019-10-03 09:07:54: No listener connection found. Maybe try sendAsBytes?
2019-10-03 09:07:54: No listener connection found. Maybe try sendAsBytes?
2019-10-03 09:07:54: No listener connection found. Maybe try sendAsBytes?
2019-10-03 09:07:54: No listener connection found. Maybe try sendAsBytes?
2019-10-03 09:07:54: No listener connection found. Maybe try sendAsBytes?
2019-10-03 09:07:54: No listener connection found. Maybe try sendAsBytes?
2019-10-03 09:07:54: No listener connection found. Maybe try sendAsBytes?
2019-10-03 09:07:54: No listener connection found. Maybe try sendAsBytes?
2019-10-03 09:07:55: No listener connection found. Maybe try sendAsBytes?
2019-10-03 09:07:55: No listener connection found. Maybe try sendAsBytes?
2019-10-03 09:07:55: No listener connection found. Maybe try sendAsBytes?
2019-10-03 09:07:55: No listener connection found. Maybe try sendAsBytes?
2019-10-03 09:07:55: No listener connection found. Maybe try sendAsBytes?
2019-10-03 09:07:55: No listener connection found. Maybe try sendAsBytes?
2019-10-03 09:07:55: No listener connection found. Maybe try sendAsBytes?
2019-10-03 09:07:55: No listener connection found. Maybe try sendAsBytes?
2019-10-03 09:07:55: No listener connection found. Maybe try sendAsBytes?
2019-10-03 09:07:55: No listener connection found. Maybe try sendAsBytes?
2019-10-03 09:07:55: No listener connection found. Maybe try sendAsBytes?
2019-10-03 09:07:55: No listener connection found. Maybe try sendAsBytes?
2019-10-03 09:07:55: No listener connection found. Maybe try sendAsBytes?
2019-10-03 09:07:55: No listener connection found. Maybe try sendAsBytes?
2019-10-03 09:07:55: No listener connection found. Maybe try sendAsBytes?
2019-10-03 09:07:55: No listener connection found. Maybe try sendAsBytes?
2019-10-03 09:07:55: No listener connection found. Maybe try sendAsBytes?
2019-10-03 09:07:55: No listener connection found. Maybe try sendAsBytes?
2019-10-03 09:07:55: No listener connection found. Maybe try sendAsBytes?
2019-10-03 09:07:55: No listener connection found. Maybe try sendAsBytes?
2019-10-03 09:07:55: No listener connection found. Maybe try sendAsBytes?
2019-10-03 09:07:55: No listener connection found. Maybe try sendAsBytes?
2019-10-03 09:07:55: No listener connection found. Maybe try sendAsBytes?
2019-10-03 09:07:55: No listener connection found. Maybe try sendAsBytes?
2019-10-03 09:07:55: No listener connection found. Maybe try sendAsBytes?
2019-10-03 09:07:55: No listener connection found. Maybe try sendAsBytes?
2019-10-03 09:07:55: No listener connection found. Maybe try sendAsBytes?
2019-10-03 09:07:55: No listener connection found. Maybe try sendAsBytes?
2019-10-03 09:07:55: No listener connection found. Maybe try sendAsBytes?
2019-10-03 09:07:55: No listener connection found. Maybe try sendAsBytes?
2019-10-03 09:07:55: No listener connection found. Maybe try sendAsBytes?
2019-10-03 09:07:55: No listener connection found. Maybe try sendAsBytes?
2019-10-03 09:07:55: No listener connection found. Maybe try sendAsBytes?
2019-10-03 09:07:55: No listener connection found. Maybe try sendAsBytes?
2019-10-03 09:07:55: No listener connection found. Maybe try sendAsBytes?
2019-10-03 09:07:55: No listener connection found. Maybe try sendAsBytes?
2019-10-03 09:07:55: No listener connection found. Maybe try sendAsBytes?
2019-10-03 09:07:55: No listener connection found. Maybe try sendAsBytes?
2019-10-03 09:07:55: No listener connection found. Maybe try sendAsBytes?
2019-10-03 09:07:55: No listener connection found. Maybe try sendAsBytes?
2019-10-03 09:07:55: No listener connection found. Maybe try sendAsBytes?
2019-10-03 09:07:55: No listener connection found. Maybe try sendAsBytes?
2019-10-03 09:07:55: No listener connection found. Maybe try sendAsBytes?
2019-10-03 09:07:55: No listener connection found. Maybe try sendAsBytes?
2019-10-03 09:07:55: No listener connection found. Maybe try sendAsBytes?
2019-10-03 09:07:55: No listener connection found. Maybe try sendAsBytes?
2019-10-03 09:07:55: No listener connection found. Maybe try sendAsBytes?
2019-10-03 09:07:55: No listener connection found. Maybe try sendAsBytes?
2019-10-03 09:07:55: No listener connection found. Maybe try sendAsBytes?
2019-10-03 09:07:55: No listener connection found. Maybe try sendAsBytes?
2019-10-03 09:07:55: No listener connection found. Maybe try sendAsBytes?
2019-10-03 09:07:55: No listener connection found. Maybe try sendAsBytes?
2019-10-03 09:07:55: No listener connection found. Maybe try sendAsBytes?
2019-10-03 09:07:55: No listener connection found. Maybe try sendAsBytes?
2019-10-03 09:07:55: No listener connection found. Maybe try sendAsBytes?
2019-10-03 09:07:55: No listener connection found. Maybe try sendAsBytes?
2019-10-03 09:07:55: No listener connection found. Maybe try sendAsBytes?
2019-10-03 09:07:55: No listener connection found. Maybe try sendAsBytes?
2019-10-03 09:07:55: No listener connection found. Maybe try sendAsBytes?
2019-10-03 09:07:55: No listener connection found. Maybe try sendAsBytes?
2019-10-03 09:07:55: No listener connection found. Maybe try sendAsBytes?
2019-10-03 09:07:55: No listener connection found. Maybe try sendAsBytes?
2019-10-03 09:07:55: No listener connection found. Maybe try sendAsBytes?
2019-10-03 09:07:56: No listener connection found. Maybe try sendAsBytes?
2019-10-03 09:07:56: No listener connection found. Maybe try sendAsBytes?
2019-10-03 09:07:56: No listener connection found. Maybe try sendAsBytes?
2019-10-03 09:07:56: No listener connection found. Maybe try sendAsBytes?
2019-10-03 09:07:56: No listener connection found. Maybe try sendAsBytes?
2019-10-03 09:07:56: No listener connection found. Maybe try sendAsBytes?
2019-10-03 09:07:57: No listener connection found. Maybe try sendAsBytes?
2019-10-03 09:07:57: No listener connection found. Maybe try sendAsBytes?
2019-10-03 09:07:57: No listener connection found. Maybe try sendAsBytes?
2019-10-03 09:07:57: No listener connection found. Maybe try sendAsBytes?
2019-10-03 09:07:57: No listener connection found. Maybe try sendAsBytes?
2019-10-03 09:07:57: No listener connection found. Maybe try sendAsBytes?
2019-10-03 09:07:57: No listener connection found. Maybe try sendAsBytes?
2019-10-03 09:07:57: No listener connection found. Maybe try sendAsBytes?
2019-10-03 09:07:57: No listener connection found. Maybe try sendAsBytes?
2019-10-03 09:07:57: No listener connection found. Maybe try sendAsBytes?
2019-10-03 09:07:57: No listener connection found. Maybe try sendAsBytes?
2019-10-03 09:07:57: No listener connection found. Maybe try sendAsBytes?
2019-10-03 09:07:57: No listener connection found. Maybe try sendAsBytes?
2019-10-03 09:07:57: No listener connection found. Maybe try sendAsBytes?
2019-10-03 09:07:57: No listener connection found. Maybe try sendAsBytes?
2019-10-03 09:07:57: No listener connection found. Maybe try sendAsBytes?
2019-10-03 09:07:57: No listener connection found. Maybe try sendAsBytes?
2019-10-03 09:07:57: No listener connection found. Maybe try sendAsBytes?
2019-10-03 09:07:57: No listener connection found. Maybe try sendAsBytes?
2019-10-03 09:07:57: No listener connection found. Maybe try sendAsBytes?
2019-10-03 09:07:57: No listener connection found. Maybe try sendAsBytes?
2019-10-03 09:07:57: No listener connection found. Maybe try sendAsBytes?
2019-10-03 09:07:57: No listener connection found. Maybe try sendAsBytes?
2019-10-03 09:07:57: No listener connection found. Maybe try sendAsBytes?
2019-10-03 09:13:17: No listener connection found. Maybe try sendAsBytes?
2019-10-03 09:13:18: No listener connection found. Maybe try sendAsBytes?
2019-10-03 09:13:18: No listener connection found. Maybe try sendAsBytes?
2019-10-03 09:13:18: No listener connection found. Maybe try sendAsBytes?
2019-10-03 09:13:18: No listener connection found. Maybe try sendAsBytes?
2019-10-03 09:13:19: No listener connection found. Maybe try sendAsBytes?
2019-10-03 09:13:19: No listener connection found. Maybe try sendAsBytes?
2019-10-03 09:13:20: No listener connection found. Maybe try sendAsBytes?
2019-10-03 09:13:20: No listener connection found. Maybe try sendAsBytes?
2019-10-03 09:13:20: No listener connection found. Maybe try sendAsBytes?
2019-10-03 09:13:20: No listener connection found. Maybe try sendAsBytes?
2019-10-03 09:13:20: No listener connection found. Maybe try sendAsBytes?
2019-10-03 09:13:20: No listener connection found. Maybe try sendAsBytes?
2019-10-03 09:13:20: No listener connection found. Maybe try sendAsBytes?
2019-10-03 09:13:20: No listener connection found. Maybe try sendAsBytes?
2019-10-03 09:13:20: No listener connection found. Maybe try sendAsBytes?
2019-10-03 09:13:20: No listener connection found. Maybe try sendAsBytes?
2019-10-03 09:13:20: No listener connection found. Maybe try sendAsBytes?
2019-10-03 09:13:20: No listener connection found. Maybe try sendAsBytes?
2019-10-03 09:13:20: No listener connection found. Maybe try sendAsBytes?
2019-10-03 09:13:20: No listener connection found. Maybe try sendAsBytes?
2019-10-03 09:13:20: No listener connection found. Maybe try sendAsBytes?
2019-10-03 09:13:20: No listener connection found. Maybe try sendAsBytes?
2019-10-03 09:13:20: No listener connection found. Maybe try sendAsBytes?
2019-10-03 09:13:20: No listener connection found. Maybe try sendAsBytes?
2019-10-03 09:13:20: No listener connection found. Maybe try sendAsBytes?
2019-10-03 09:13:20: No listener connection found. Maybe try sendAsBytes?
2019-10-03 09:13:20: No listener connection found. Maybe try sendAsBytes?
2019-10-03 09:13:20: No listener connection found. Maybe try sendAsBytes?
2019-10-03 09:13:20: No listener connection found. Maybe try sendAsBytes?
2019-10-03 09:13:20: No listener connection found. Maybe try sendAsBytes?
2019-10-03 09:13:20: No listener connection found. Maybe try sendAsBytes?
2019-10-03 09:13:20: No listener connection found. Maybe try sendAsBytes?
2019-10-03 09:13:20: No listener connection found. Maybe try sendAsBytes?
2019-10-03 09:13:20: No listener connection found. Maybe try sendAsBytes?
2019-10-03 09:13:20: No listener connection found. Maybe try sendAsBytes?
2019-10-03 09:13:20: No listener connection found. Maybe try sendAsBytes?
2019-10-03 09:13:20: No listener connection found. Maybe try sendAsBytes?
2019-10-03 09:13:20: No listener connection found. Maybe try sendAsBytes?
2019-10-03 09:13:21: No listener connection found. Maybe try sendAsBytes?
2019-10-03 09:13:21: No listener connection found. Maybe try sendAsBytes?
2019-10-03 09:13:21: No listener connection found. Maybe try sendAsBytes?
2019-10-03 09:13:21: No listener connection found. Maybe try sendAsBytes?
2019-10-03 09:13:21: No listener connection found. Maybe try sendAsBytes?
2019-10-03 09:13:21: No listener connection found. Maybe try sendAsBytes?
2019-10-03 09:13:21: No listener connection found. Maybe try sendAsBytes?
2019-10-03 09:13:21: No listener connection found. Maybe try sendAsBytes?
2019-10-03 09:13:21: No listener connection found. Maybe try sendAsBytes?
2019-10-03 09:13:21: No listener connection found. Maybe try sendAsBytes?
2019-10-03 09:13:21: No listener connection found. Maybe try sendAsBytes?
2019-10-03 09:13:21: No listener connection found. Maybe try sendAsBytes?
2019-10-03 09:13:21: No listener connection found. Maybe try sendAsBytes?
2019-10-03 09:13:21: No listener connection found. Maybe try sendAsBytes?
2019-10-03 09:13:21: No listener connection found. Maybe try sendAsBytes?
2019-10-03 09:13:21: No listener connection found. Maybe try sendAsBytes?
2019-10-03 09:13:21: No listener connection found. Maybe try sendAsBytes?
2019-10-03 09:13:21: No listener connection found. Maybe try sendAsBytes?
2019-10-03 09:13:21: No listener connection found. Maybe try sendAsBytes?
2019-10-03 09:13:21: No listener connection found. Maybe try sendAsBytes?
2019-10-03 09:13:21: No listener connection found. Maybe try sendAsBytes?
2019-10-03 09:13:21: No listener connection found. Maybe try sendAsBytes?
2019-10-03 09:13:21: No listener connection found. Maybe try sendAsBytes?
2019-10-03 09:13:22: No listener connection found. Maybe try sendAsBytes?
2019-10-03 09:13:22: No listener connection found. Maybe try sendAsBytes?
2019-10-03 09:13:22: No listener connection found. Maybe try sendAsBytes?
2019-10-03 09:13:22: No listener connection found. Maybe try sendAsBytes?
2019-10-03 09:13:22: No listener connection found. Maybe try sendAsBytes?
2019-10-03 09:13:22: No listener connection found. Maybe try sendAsBytes?
2019-10-03 09:13:22: No listener connection found. Maybe try sendAsBytes?
2019-10-03 09:13:22: No listener connection found. Maybe try sendAsBytes?
2019-10-03 09:13:22: No listener connection found. Maybe try sendAsBytes?
2019-10-03 09:13:22: No listener connection found. Maybe try sendAsBytes?
2019-10-03 09:13:22: No listener connection found. Maybe try sendAsBytes?
2019-10-03 09:13:22: No listener connection found. Maybe try sendAsBytes?
2019-10-03 09:13:22: No listener connection found. Maybe try sendAsBytes?
2019-10-03 09:13:22: No listener connection found. Maybe try sendAsBytes?
2019-10-03 09:13:22: No listener connection found. Maybe try sendAsBytes?
2019-10-03 09:13:22: No listener connection found. Maybe try sendAsBytes?
2019-10-03 09:13:22: No listener connection found. Maybe try sendAsBytes?
2019-10-03 09:13:22: No listener connection found. Maybe try sendAsBytes?
2019-10-03 09:13:22: No listener connection found. Maybe try sendAsBytes?
2019-10-03 09:13:22: No listener connection found. Maybe try sendAsBytes?
2019-10-03 09:13:22: No listener connection found. Maybe try sendAsBytes?
2019-10-03 09:13:22: No listener connection found. Maybe try sendAsBytes?
2019-10-03 09:13:22: No listener connection found. Maybe try sendAsBytes?
2019-10-03 09:13:22: No listener connection found. Maybe try sendAsBytes?
2019-10-03 09:13:22: No listener connection found. Maybe try sendAsBytes?
2019-10-03 09:13:22: No listener connection found. Maybe try sendAsBytes?
2019-10-03 09:13:22: No listener connection found. Maybe try sendAsBytes?
2019-10-03 09:13:22: No listener connection found. Maybe try sendAsBytes?
2019-10-03 09:13:22: No listener connection found. Maybe try sendAsBytes?
2019-10-03 09:13:22: No listener connection found. Maybe try sendAsBytes?
2019-10-03 09:13:22: No listener connection found. Maybe try sendAsBytes?
2019-10-03 09:13:22: No listener connection found. Maybe try sendAsBytes?
2019-10-03 09:13:22: No listener connection found. Maybe try sendAsBytes?
2019-10-03 09:13:22: No listener connection found. Maybe try sendAsBytes?
2019-10-03 09:13:22: No listener connection found. Maybe try sendAsBytes?
2019-10-03 09:13:22: No listener connection found. Maybe try sendAsBytes?
2019-10-03 09:13:22: No listener connection found. Maybe try sendAsBytes?
2019-10-03 09:13:22: No listener connection found. Maybe try sendAsBytes?
2019-10-03 09:13:22: No listener connection found. Maybe try sendAsBytes?
2019-10-03 09:13:22: No listener connection found. Maybe try sendAsBytes?
2019-10-03 09:13:22: No listener connection found. Maybe try sendAsBytes?
2019-10-03 09:13:22: No listener connection found. Maybe try sendAsBytes?
2019-10-03 09:13:22: No listener connection found. Maybe try sendAsBytes?
2019-10-03 09:13:22: No listener connection found. Maybe try sendAsBytes?
2019-10-03 09:13:22: No listener connection found. Maybe try sendAsBytes?
2019-10-03 09:13:22: No listener connection found. Maybe try sendAsBytes?
2019-10-03 09:13:22: No listener connection found. Maybe try sendAsBytes?
2019-10-03 09:13:22: No listener connection found. Maybe try sendAsBytes?
2019-10-03 09:13:22: No listener connection found. Maybe try sendAsBytes?
2019-10-03 09:13:22: No listener connection found. Maybe try sendAsBytes?
2019-10-03 09:13:22: No listener connection found. Maybe try sendAsBytes?
2019-10-03 09:13:22: No listener connection found. Maybe try sendAsBytes?
2019-10-03 09:13:22: No listener connection found. Maybe try sendAsBytes?
2019-10-03 09:13:22: No listener connection found. Maybe try sendAsBytes?
2019-10-03 09:13:22: No listener connection found. Maybe try sendAsBytes?
2019-10-03 09:13:22: No listener connection found. Maybe try sendAsBytes?
2019-10-03 09:13:22: No listener connection found. Maybe try sendAsBytes?
2019-10-03 09:13:22: No listener connection found. Maybe try sendAsBytes?
2019-10-03 09:13:22: No listener connection found. Maybe try sendAsBytes?
2019-10-03 09:13:22: No listener connection found. Maybe try sendAsBytes?
2019-10-03 09:13:22: No listener connection found. Maybe try sendAsBytes?
2019-10-03 09:13:22: No listener connection found. Maybe try sendAsBytes?
2019-10-03 09:13:22: No listener connection found. Maybe try sendAsBytes?
2019-10-03 09:13:23: No listener connection found. Maybe try sendAsBytes?
2019-10-03 09:13:23: No listener connection found. Maybe try sendAsBytes?
2019-10-03 09:13:23: No listener connection found. Maybe try sendAsBytes?
2019-10-03 09:13:23: No listener connection found. Maybe try sendAsBytes?
2019-10-03 09:13:23: No listener connection found. Maybe try sendAsBytes?
2019-10-03 09:13:23: No listener connection found. Maybe try sendAsBytes?
2019-10-03 09:13:23: No listener connection found. Maybe try sendAsBytes?
2019-10-03 09:13:23: No listener connection found. Maybe try sendAsBytes?
2019-10-03 09:13:23: No listener connection found. Maybe try sendAsBytes?
2019-10-03 09:13:23: No listener connection found. Maybe try sendAsBytes?
2019-10-03 09:13:23: No listener connection found. Maybe try sendAsBytes?
2019-10-03 09:13:23: No listener connection found. Maybe try sendAsBytes?
2019-10-03 09:13:23: No listener connection found. Maybe try sendAsBytes?
2019-10-03 09:13:23: No listener connection found. Maybe try sendAsBytes?
2019-10-03 09:13:23: No listener connection found. Maybe try sendAsBytes?
2019-10-03 09:13:23: No listener connection found. Maybe try sendAsBytes?
2019-10-03 09:13:23: No listener connection found. Maybe try sendAsBytes?
2019-10-03 09:13:23: No listener connection found. Maybe try sendAsBytes?
2019-10-03 09:13:23: No listener connection found. Maybe try sendAsBytes?
2019-10-03 09:13:23: No listener connection found. Maybe try sendAsBytes?
2019-10-03 09:13:23: No listener connection found. Maybe try sendAsBytes?
2019-10-03 09:13:24: No listener connection found. Maybe try sendAsBytes?
2019-10-03 09:13:24: No listener connection found. Maybe try sendAsBytes?
2019-10-03 09:13:24: No listener connection found. Maybe try sendAsBytes?
2019-10-03 09:13:25: No listener connection found. Maybe try sendAsBytes?
2019-10-03 09:13:25: No listener connection found. Maybe try sendAsBytes?
2019-10-03 09:13:25: No listener connection found. Maybe try sendAsBytes?
2019-10-03 09:13:25: No listener connection found. Maybe try sendAsBytes?
2019-10-03 09:13:25: No listener connection found. Maybe try sendAsBytes?
2019-10-03 09:13:25: No listener connection found. Maybe try sendAsBytes?
2019-10-03 09:13:26: No listener connection found. Maybe try sendAsBytes?
2019-10-03 09:13:26: No listener connection found. Maybe try sendAsBytes?
2019-10-03 09:13:26: No listener connection found. Maybe try sendAsBytes?
2019-10-03 09:13:26: No listener connection found. Maybe try sendAsBytes?
2019-10-03 09:13:26: No listener connection found. Maybe try sendAsBytes?
2019-10-03 09:13:26: No listener connection found. Maybe try sendAsBytes?
2019-10-03 09:13:26: No listener connection found. Maybe try sendAsBytes?
2019-10-03 09:13:26: No listener connection found. Maybe try sendAsBytes?
2019-10-03 09:13:27: No listener connection found. Maybe try sendAsBytes?
2019-10-03 09:13:27: No listener connection found. Maybe try sendAsBytes?
2019-10-03 09:13:27: No listener connection found. Maybe try sendAsBytes?
2019-10-03 09:13:27: No listener connection found. Maybe try sendAsBytes?
2019-10-03 09:13:27: No listener connection found. Maybe try sendAsBytes?
2019-10-03 09:13:27: No listener connection found. Maybe try sendAsBytes?
2019-10-03 09:13:27: No listener connection found. Maybe try sendAsBytes?
2019-10-03 09:13:27: No listener connection found. Maybe try sendAsBytes?
2019-10-03 09:13:27: No listener connection found. Maybe try sendAsBytes?
2019-10-03 09:13:27: No listener connection found. Maybe try sendAsBytes?
2019-10-03 09:13:28: No listener connection found. Maybe try sendAsBytes?
2019-10-03 09:13:28: No listener connection found. Maybe try sendAsBytes?
2019-10-03 09:13:28: No listener connection found. Maybe try sendAsBytes?
2019-10-03 09:13:28: No listener connection found. Maybe try sendAsBytes?
2019-10-03 09:13:28: No listener connection found. Maybe try sendAsBytes?
2019-10-03 09:13:28: No listener connection found. Maybe try sendAsBytes?
2019-10-03 09:13:28: No listener connection found. Maybe try sendAsBytes?
2019-10-03 09:13:28: No listener connection found. Maybe try sendAsBytes?
2019-10-03 09:13:28: No listener connection found. Maybe try sendAsBytes?
2019-10-03 09:13:28: No listener connection found. Maybe try sendAsBytes?
2019-10-03 09:13:29: No listener connection found. Maybe try sendAsBytes?
2019-10-03 09:13:29: No listener connection found. Maybe try sendAsBytes?
2019-10-03 09:13:30: No listener connection found. Maybe try sendAsBytes?
2019-10-03 09:13:30: No listener connection found. Maybe try sendAsBytes?
2019-10-03 09:13:30: No listener connection found. Maybe try sendAsBytes?
2019-10-03 09:13:30: No listener connection found. Maybe try sendAsBytes?
2019-10-03 09:13:30: No listener connection found. Maybe try sendAsBytes?
2019-10-03 09:13:30: No listener connection found. Maybe try sendAsBytes?
2019-10-03 09:13:30: No listener connection found. Maybe try sendAsBytes?
2019-10-03 09:13:30: No listener connection found. Maybe try sendAsBytes?
2019-10-03 09:13:30: No listener connection found. Maybe try sendAsBytes?
2019-10-03 09:13:30: No listener connection found. Maybe try sendAsBytes?
2019-10-03 09:13:30: No listener connection found. Maybe try sendAsBytes?
2019-10-03 09:13:31: No listener connection found. Maybe try sendAsBytes?
2019-10-03 09:13:31: No listener connection found. Maybe try sendAsBytes?
2019-10-03 09:13:31: No listener connection found. Maybe try sendAsBytes?
2019-10-03 09:13:31: No listener connection found. Maybe try sendAsBytes?
2019-10-03 09:13:31: No listener connection found. Maybe try sendAsBytes?
2019-10-03 09:13:31: No listener connection found. Maybe try sendAsBytes?
2019-10-03 09:13:31: No listener connection found. Maybe try sendAsBytes?
2019-10-03 09:13:31: No listener connection found. Maybe try sendAsBytes?
2019-10-03 09:13:31: No listener connection found. Maybe try sendAsBytes?
2019-10-03 09:13:31: No listener connection found. Maybe try sendAsBytes?
2019-10-03 09:13:31: No listener connection found. Maybe try sendAsBytes?
2019-10-03 09:13:31: No listener connection found. Maybe try sendAsBytes?
2019-10-03 09:13:31: No listener connection found. Maybe try sendAsBytes?
2019-10-03 09:13:31: No listener connection found. Maybe try sendAsBytes?
2019-10-03 09:13:32: No listener connection found. Maybe try sendAsBytes?
2019-10-03 09:13:32: No listener connection found. Maybe try sendAsBytes?
2019-10-03 09:13:32: No listener connection found. Maybe try sendAsBytes?
2019-10-03 09:13:32: No listener connection found. Maybe try sendAsBytes?
2019-10-03 09:13:32: No listener connection found. Maybe try sendAsBytes?
2019-10-03 09:13:32: No listener connection found. Maybe try sendAsBytes?
2019-10-03 09:13:40: No listener connection found. Maybe try sendAsBytes?
2019-10-03 09:13:40: No listener connection found. Maybe try sendAsBytes?
2019-10-03 09:13:40: No listener connection found. Maybe try sendAsBytes?
2019-10-03 09:13:40: No listener connection found. Maybe try sendAsBytes?
2019-10-03 09:13:40: No listener connection found. Maybe try sendAsBytes?
2019-10-03 09:13:40: No listener connection found. Maybe try sendAsBytes?
2019-10-03 09:13:40: No listener connection found. Maybe try sendAsBytes?
2019-10-03 09:13:40: No listener connection found. Maybe try sendAsBytes?
2019-10-03 09:13:40: No listener connection found. Maybe try sendAsBytes?
2019-10-03 09:13:40: No listener connection found. Maybe try sendAsBytes?
2019-10-03 09:13:40: No listener connection found. Maybe try sendAsBytes?
2019-10-03 09:13:41: No listener connection found. Maybe try sendAsBytes?
